[20-Nov-2022 15:44:40 UTC] PHP Warning:  PHP Startup: Unable to load dynamic library 'imagick.so' (tried: /opt/cpanel/ea-php72/root/usr/lib64/php/modules/imagick.so (libMagickWand.so.5: cannot open shared object file: No such file or directory), /opt/cpanel/ea-php72/root/usr/lib64/php/modules/imagick.so.so (/opt/cpanel/ea-php72/root/usr/lib64/php/modules/imagick.so.so: cannot open shared object file: No such file or directory)) in Unknown on line 0
[20-Nov-2022 15:44:40 UTC] PHP Warning:  require(/home/conectaedu/apiqr.conectaedu.co/../vendor/autoload.php): failed to open stream: No such file or directory in /home/conectaedu/apiqr.conectaedu.co/index.php on line 34
[20-Nov-2022 15:44:40 UTC] PHP Warning:  require(/home/conectaedu/apiqr.conectaedu.co/../vendor/autoload.php): failed to open stream: No such file or directory in /home/conectaedu/apiqr.conectaedu.co/index.php on line 34
[20-Nov-2022 15:44:40 UTC] PHP Fatal error:  require(): Failed opening required '/home/conectaedu/apiqr.conectaedu.co/../vendor/autoload.php' (include_path='.:/opt/cpanel/ea-php72/root/usr/share/pear') in /home/conectaedu/apiqr.conectaedu.co/index.php on line 34
[20-Nov-2022 15:44:41 UTC] PHP Warning:  PHP Startup: Unable to load dynamic library 'imagick.so' (tried: /opt/cpanel/ea-php72/root/usr/lib64/php/modules/imagick.so (libMagickWand.so.5: cannot open shared object file: No such file or directory), /opt/cpanel/ea-php72/root/usr/lib64/php/modules/imagick.so.so (/opt/cpanel/ea-php72/root/usr/lib64/php/modules/imagick.so.so: cannot open shared object file: No such file or directory)) in Unknown on line 0
[20-Nov-2022 15:44:41 UTC] PHP Warning:  require(/home/conectaedu/apiqr.conectaedu.co/../vendor/autoload.php): failed to open stream: No such file or directory in /home/conectaedu/apiqr.conectaedu.co/index.php on line 34
[20-Nov-2022 15:44:41 UTC] PHP Warning:  require(/home/conectaedu/apiqr.conectaedu.co/../vendor/autoload.php): failed to open stream: No such file or directory in /home/conectaedu/apiqr.conectaedu.co/index.php on line 34
[20-Nov-2022 15:44:41 UTC] PHP Fatal error:  require(): Failed opening required '/home/conectaedu/apiqr.conectaedu.co/../vendor/autoload.php' (include_path='.:/opt/cpanel/ea-php72/root/usr/share/pear') in /home/conectaedu/apiqr.conectaedu.co/index.php on line 34
[20-Nov-2022 15:44:43 UTC] PHP Warning:  PHP Startup: Unable to load dynamic library 'imagick.so' (tried: /opt/cpanel/ea-php72/root/usr/lib64/php/modules/imagick.so (libMagickWand.so.5: cannot open shared object file: No such file or directory), /opt/cpanel/ea-php72/root/usr/lib64/php/modules/imagick.so.so (/opt/cpanel/ea-php72/root/usr/lib64/php/modules/imagick.so.so: cannot open shared object file: No such file or directory)) in Unknown on line 0
[20-Nov-2022 15:44:43 UTC] PHP Warning:  require(/home/conectaedu/apiqr.conectaedu.co/../vendor/autoload.php): failed to open stream: No such file or directory in /home/conectaedu/apiqr.conectaedu.co/index.php on line 34
[20-Nov-2022 15:44:43 UTC] PHP Warning:  require(/home/conectaedu/apiqr.conectaedu.co/../vendor/autoload.php): failed to open stream: No such file or directory in /home/conectaedu/apiqr.conectaedu.co/index.php on line 34
[20-Nov-2022 15:44:43 UTC] PHP Fatal error:  require(): Failed opening required '/home/conectaedu/apiqr.conectaedu.co/../vendor/autoload.php' (include_path='.:/opt/cpanel/ea-php72/root/usr/share/pear') in /home/conectaedu/apiqr.conectaedu.co/index.php on line 34
[20-Nov-2022 15:44:48 UTC] PHP Warning:  PHP Startup: Unable to load dynamic library 'imagick.so' (tried: /opt/cpanel/ea-php72/root/usr/lib64/php/modules/imagick.so (libMagickWand.so.5: cannot open shared object file: No such file or directory), /opt/cpanel/ea-php72/root/usr/lib64/php/modules/imagick.so.so (/opt/cpanel/ea-php72/root/usr/lib64/php/modules/imagick.so.so: cannot open shared object file: No such file or directory)) in Unknown on line 0
[20-Nov-2022 15:44:48 UTC] PHP Warning:  require(/home/conectaedu/apiqr.conectaedu.co/../vendor/autoload.php): failed to open stream: No such file or directory in /home/conectaedu/apiqr.conectaedu.co/index.php on line 34
[20-Nov-2022 15:44:48 UTC] PHP Warning:  require(/home/conectaedu/apiqr.conectaedu.co/../vendor/autoload.php): failed to open stream: No such file or directory in /home/conectaedu/apiqr.conectaedu.co/index.php on line 34
[20-Nov-2022 15:44:48 UTC] PHP Fatal error:  require(): Failed opening required '/home/conectaedu/apiqr.conectaedu.co/../vendor/autoload.php' (include_path='.:/opt/cpanel/ea-php72/root/usr/share/pear') in /home/conectaedu/apiqr.conectaedu.co/index.php on line 34
[20-Nov-2022 15:45:23 UTC] PHP Warning:  PHP Startup: Unable to load dynamic library 'imagick.so' (tried: /opt/cpanel/ea-php72/root/usr/lib64/php/modules/imagick.so (libMagickWand.so.5: cannot open shared object file: No such file or directory), /opt/cpanel/ea-php72/root/usr/lib64/php/modules/imagick.so.so (/opt/cpanel/ea-php72/root/usr/lib64/php/modules/imagick.so.so: cannot open shared object file: No such file or directory)) in Unknown on line 0
[20-Nov-2022 15:45:23 UTC] PHP Warning:  require(/home/conectaedu/apiqr.conectaedu.co/../vendor/autoload.php): failed to open stream: No such file or directory in /home/conectaedu/apiqr.conectaedu.co/index.php on line 34
[20-Nov-2022 15:45:23 UTC] PHP Warning:  require(/home/conectaedu/apiqr.conectaedu.co/../vendor/autoload.php): failed to open stream: No such file or directory in /home/conectaedu/apiqr.conectaedu.co/index.php on line 34
[20-Nov-2022 15:45:23 UTC] PHP Fatal error:  require(): Failed opening required '/home/conectaedu/apiqr.conectaedu.co/../vendor/autoload.php' (include_path='.:/opt/cpanel/ea-php72/root/usr/share/pear') in /home/conectaedu/apiqr.conectaedu.co/index.php on line 34
[20-Nov-2022 15:46:06 UTC] PHP Warning:  PHP Startup: Unable to load dynamic library 'imagick.so' (tried: /opt/cpanel/ea-php72/root/usr/lib64/php/modules/imagick.so (libMagickWand.so.5: cannot open shared object file: No such file or directory), /opt/cpanel/ea-php72/root/usr/lib64/php/modules/imagick.so.so (/opt/cpanel/ea-php72/root/usr/lib64/php/modules/imagick.so.so: cannot open shared object file: No such file or directory)) in Unknown on line 0
[20-Nov-2022 15:46:06 UTC] PHP Warning:  require(/home/conectaedu/apiqr.conectaedu.co/../vendor/autoload.php): failed to open stream: No such file or directory in /home/conectaedu/apiqr.conectaedu.co/index.php on line 34
[20-Nov-2022 15:46:06 UTC] PHP Warning:  require(/home/conectaedu/apiqr.conectaedu.co/../vendor/autoload.php): failed to open stream: No such file or directory in /home/conectaedu/apiqr.conectaedu.co/index.php on line 34
[20-Nov-2022 15:46:06 UTC] PHP Fatal error:  require(): Failed opening required '/home/conectaedu/apiqr.conectaedu.co/../vendor/autoload.php' (include_path='.:/opt/cpanel/ea-php72/root/usr/share/pear') in /home/conectaedu/apiqr.conectaedu.co/index.php on line 34
[20-Nov-2022 15:47:24 UTC] PHP Warning:  PHP Startup: Unable to load dynamic library 'imagick.so' (tried: /opt/cpanel/ea-php72/root/usr/lib64/php/modules/imagick.so (libMagickWand.so.5: cannot open shared object file: No such file or directory), /opt/cpanel/ea-php72/root/usr/lib64/php/modules/imagick.so.so (/opt/cpanel/ea-php72/root/usr/lib64/php/modules/imagick.so.so: cannot open shared object file: No such file or directory)) in Unknown on line 0
[20-Nov-2022 15:47:24 UTC] PHP Fatal error:  Composer detected issues in your platform: Your Composer dependencies require a PHP version ">= 7.4.0". You are running 7.2.34. in /home/conectaedu/apiqr.conectaedu.co/main/vendor/composer/platform_check.php on line 24
[10-Jan-2023 13:04:06 America/Bogota] PHP Fatal error:  Uncaught InvalidArgumentException: Type is not supported in /home/useradmin/api.mosaicandtiledepot.com/main/vendor/laravel/framework/src/Illuminate/Http/JsonResponse.php:91
Stack trace:
#0 /home/useradmin/api.mosaicandtiledepot.com/main/vendor/symfony/http-foundation/JsonResponse.php(54): Illuminate\Http\JsonResponse->setData(Array)
#1 /home/useradmin/api.mosaicandtiledepot.com/main/vendor/laravel/framework/src/Illuminate/Http/JsonResponse.php(32): Symfony\Component\HttpFoundation\JsonResponse->__construct(Array, 500, Array, false)
#2 /home/useradmin/api.mosaicandtiledepot.com/main/vendor/laravel/framework/src/Illuminate/Routing/ResponseFactory.php(99): Illuminate\Http\JsonResponse->__construct(Array, 500, Array, 0)
#3 /home/useradmin/api.mosaicandtiledepot.com/main/app/Exceptions/Handler.php(76): Illuminate\Routing\ResponseFactory->json(Array, 500)
#4 /home/useradmin/api.mosaicandtiledepot.com/main/vendor/laravel/framework/src/Illuminate/Foundation/Exceptions/Handler.php(337): App\Exceptions\Handler->App\Exc in /home/useradmin/api.mosaicandtiledepot.com/main/vendor/laravel/framework/src/Illuminate/Http/JsonResponse.php on line 91
[12-Jan-2023 19:00:14 America/Bogota] PHP Fatal error:  Cannot use empty array elements in arrays in /home/useradmin/api.mosaicandtiledepot.com/main/app/Http/Controllers/InventoryController.php on line 402
[12-Jan-2023 19:00:47 America/Bogota] PHP Fatal error:  Cannot use empty array elements in arrays in /home/useradmin/api.mosaicandtiledepot.com/main/app/Http/Controllers/InventoryController.php on line 402
[12-Jan-2023 19:00:47 America/Bogota] PHP Fatal error:  Cannot use empty array elements in arrays in /home/useradmin/api.mosaicandtiledepot.com/main/app/Http/Controllers/InventoryController.php on line 402
[12-Jan-2023 19:01:14 America/Bogota] PHP Fatal error:  Cannot use empty array elements in arrays in /home/useradmin/api.mosaicandtiledepot.com/main/app/Http/Controllers/InventoryController.php on line 402
[18-Jan-2023 20:49:34 America/Bogota] PHP Fatal error:  Uncaught ErrorException: Undefined variable: element in /home/useradmin/api.mosaicandtiledepot.com/main/app/Models/Element.php:26
Stack trace:
#0 /home/useradmin/api.mosaicandtiledepot.com/main/app/Models/Element.php(26): Illuminate\Foundation\Bootstrap\HandleExceptions->handleError(8, 'Undefined varia...', '/home/useradmin...', 26, Array)
#1 /home/useradmin/api.mosaicandtiledepot.com/main/vendor/laravel/framework/src/Illuminate/Database/Eloquent/Concerns/HasAttributes.php(620): App\Models\Element->getStatusAttribute(1)
#2 /home/useradmin/api.mosaicandtiledepot.com/main/vendor/laravel/framework/src/Illuminate/Database/Eloquent/Concerns/HasAttributes.php(670): Illuminate\Database\Eloquent\Model->mutateAttribute('status', 1)
#3 /home/useradmin/api.mosaicandtiledepot.com/main/vendor/laravel/framework/src/Illuminate/Database/Eloquent/Concerns/HasAttributes.php(249): Illuminate\Database\Eloquent\Model->mutateAttributeForArray('status', 1)
#4 /home/useradmin/api.mosaicandtiledepot.com/main/vendor/laravel/framework/ in /home/useradmin/api.mosaicandtiledepot.com/main/app/Models/Element.php on line 26
[18-Jan-2023 20:49:35 America/Bogota] PHP Fatal error:  Uncaught ErrorException: Undefined variable: element in /home/useradmin/api.mosaicandtiledepot.com/main/app/Models/Element.php:26
Stack trace:
#0 /home/useradmin/api.mosaicandtiledepot.com/main/app/Models/Element.php(26): Illuminate\Foundation\Bootstrap\HandleExceptions->handleError(8, 'Undefined varia...', '/home/useradmin...', 26, Array)
#1 /home/useradmin/api.mosaicandtiledepot.com/main/vendor/laravel/framework/src/Illuminate/Database/Eloquent/Concerns/HasAttributes.php(620): App\Models\Element->getStatusAttribute(1)
#2 /home/useradmin/api.mosaicandtiledepot.com/main/vendor/laravel/framework/src/Illuminate/Database/Eloquent/Concerns/HasAttributes.php(670): Illuminate\Database\Eloquent\Model->mutateAttribute('status', 1)
#3 /home/useradmin/api.mosaicandtiledepot.com/main/vendor/laravel/framework/src/Illuminate/Database/Eloquent/Concerns/HasAttributes.php(249): Illuminate\Database\Eloquent\Model->mutateAttributeForArray('status', 1)
#4 /home/useradmin/api.mosaicandtiledepot.com/main/vendor/laravel/framework/ in /home/useradmin/api.mosaicandtiledepot.com/main/app/Models/Element.php on line 26
[18-Jan-2023 20:50:24 America/Bogota] PHP Fatal error:  Uncaught ErrorException: Undefined variable: element in /home/useradmin/api.mosaicandtiledepot.com/main/app/Models/Element.php:26
Stack trace:
#0 /home/useradmin/api.mosaicandtiledepot.com/main/app/Models/Element.php(26): Illuminate\Foundation\Bootstrap\HandleExceptions->handleError(8, 'Undefined varia...', '/home/useradmin...', 26, Array)
#1 /home/useradmin/api.mosaicandtiledepot.com/main/vendor/laravel/framework/src/Illuminate/Database/Eloquent/Concerns/HasAttributes.php(620): App\Models\Element->getStatusAttribute(1)
#2 /home/useradmin/api.mosaicandtiledepot.com/main/vendor/laravel/framework/src/Illuminate/Database/Eloquent/Concerns/HasAttributes.php(670): Illuminate\Database\Eloquent\Model->mutateAttribute('status', 1)
#3 /home/useradmin/api.mosaicandtiledepot.com/main/vendor/laravel/framework/src/Illuminate/Database/Eloquent/Concerns/HasAttributes.php(249): Illuminate\Database\Eloquent\Model->mutateAttributeForArray('status', 1)
#4 /home/useradmin/api.mosaicandtiledepot.com/main/vendor/laravel/framework/ in /home/useradmin/api.mosaicandtiledepot.com/main/app/Models/Element.php on line 26
[18-Jan-2023 20:50:35 America/Bogota] PHP Fatal error:  Uncaught ErrorException: Undefined variable: element in /home/useradmin/api.mosaicandtiledepot.com/main/app/Models/Element.php:26
Stack trace:
#0 /home/useradmin/api.mosaicandtiledepot.com/main/app/Models/Element.php(26): Illuminate\Foundation\Bootstrap\HandleExceptions->handleError(8, 'Undefined varia...', '/home/useradmin...', 26, Array)
#1 /home/useradmin/api.mosaicandtiledepot.com/main/vendor/laravel/framework/src/Illuminate/Database/Eloquent/Concerns/HasAttributes.php(620): App\Models\Element->getStatusAttribute(1)
#2 /home/useradmin/api.mosaicandtiledepot.com/main/vendor/laravel/framework/src/Illuminate/Database/Eloquent/Concerns/HasAttributes.php(670): Illuminate\Database\Eloquent\Model->mutateAttribute('status', 1)
#3 /home/useradmin/api.mosaicandtiledepot.com/main/vendor/laravel/framework/src/Illuminate/Database/Eloquent/Concerns/HasAttributes.php(249): Illuminate\Database\Eloquent\Model->mutateAttributeForArray('status', 1)
#4 /home/useradmin/api.mosaicandtiledepot.com/main/vendor/laravel/framework/ in /home/useradmin/api.mosaicandtiledepot.com/main/app/Models/Element.php on line 26
